<?xml version="1.0" encoding="UTF-8"?>
<testng-results ignored="0" total="2" passed="2" failed="0" skipped="0">
  <reporter-output>
  </reporter-output>
  <suite started-at="2024-08-05T10:45:56 IST" name="Suite" finished-at="2024-08-05T10:46:01 IST" duration-ms="4209">
    <groups>
    </groups>
    <test started-at="2024-08-05T10:45:56 IST" name="Test" finished-at="2024-08-05T10:46:01 IST" duration-ms="4209">
      <class name="org.api.PostAPI">
        <test-method signature="logIn()[pri:0, instance:org.api.PostAPI@51399530]" started-at="2024-08-05T10:45:56 IST" name="logIn" finished-at="2024-08-05T10:45:59 IST" duration-ms="2421" status="PASS">
          <reporter-output>
          </reporter-output>
        </test-method> <!-- logIn -->
        <test-method signature="lmsAddContactDetails()[pri:0, instance:org.api.PostAPI@51399530]" started-at="2024-08-05T10:45:59 IST" name="lmsAddContactDetails" finished-at="2024-08-05T10:46:01 IST" depends-on-methods="org.api.PostAPI.logIn" duration-ms="1754" status="PASS">
          <reporter-output>
          </reporter-output>
        </test-method> <!-- lmsAddContactDetails -->
      </class> <!-- org.api.PostAPI -->
    </test> <!-- Test -->
  </suite> <!-- Suite -->
</testng-results>
